<?xml version="1.0" encoding="UTF-8"?>
<testsuites name="jest tests" tests="1" failures="0" time="1.336">
  <testsuite name="placeholder test" errors="0" failures="0" skipped="0" timestamp="2022-01-24T09:23:05" time="0.714" tests="1">
    <testcase classname="placeholder test should return true" name="placeholder test should return true" time="0.002">
    </testcase>
  </testsuite>
</testsuites>